<?xml version="1.0" encoding="UTF-8"?>
<!-- Generated by org.testng.reporters.JUnitReportReporter -->
<testsuite hostname="LAPTOP-BM22L539" failures="0" tests="1" name="com.idem.web.automation.TestCase2_loginToAmazonandLogout" time="25.716" errors="0" timestamp="2025-10-21T15:11:29 IST" skipped="0">
  <testcase classname="com.idem.web.automation.TestCase2_loginToAmazonandLogout" name="withcredential" time="25.716">
    <system-out>
      <![CDATA[User try to click on Logout->Hovover on Account and List
User should logged out from  the application successfully
Test  Case  is Pass- Listeners Logic  is started
✅ Test Passed: withcredential
Screenshot is comppleted]]>
    </system-out>
  </testcase> <!-- withcredential -->
  <system-out>
    <![CDATA[Edge Browser launched Succesfully
User try to click on Logout->Hovover on Account and List
User should logged out from  the application successfully
Test  Case  is Pass- Listeners Logic  is started
✅ Test Passed: withcredential
Screenshot is comppleted
browser closed successfully]]>
  </system-out>
</testsuite> <!-- com.idem.web.automation.TestCase2_loginToAmazonandLogout -->
