<?xml version="1.0" encoding="UTF-8"?>
<!-- Generated by org.testng.reporters.JUnitReportReporter -->
<testsuite hostname="LAPTOP-BM22L539" failures="0" tests="1" name="com.idem.web.automation.Facebook_Login" time="10.822" errors="0" timestamp="2025-10-14T07:55:23 IST" skipped="0">
  <testcase classname="com.idem.web.automation.Facebook_Login" name="validCredentials" time="10.822"/>
</testsuite> <!-- com.idem.web.automation.Facebook_Login -->
