<?xml version="1.0" encoding="UTF-8"?>
<!-- Generated by org.testng.reporters.JUnitReportReporter -->
<testsuite hostname="LAPTOP-BM22L539" failures="0" tests="1" name="com.idem.web.automation.TestCase1_loginToAmazon" time="25.981" errors="0" timestamp="2025-10-21T14:54:15 IST" skipped="0">
  <testcase classname="com.idem.web.automation.TestCase1_loginToAmazon" name="withcredential" time="25.981">
    <system-out>
      <![CDATA[From  Home page-hoverover on Accounts and list->click on Sign button 
User should logged into the application successfully
Test  Case  is Pass- Listeners Logic  is started
✅ Test Passed: withcredential
Screenshot is comppleted]]>
    </system-out>
  </testcase> <!-- withcredential -->
  <system-out>
    <![CDATA[Edge Browser launched Succesfully
From  Home page-hoverover on Accounts and list->click on Sign button 
User should logged into the application successfully
Test  Case  is Pass- Listeners Logic  is started
✅ Test Passed: withcredential
Screenshot is comppleted
browser closed successfully
Edge Browser launched Succesfully
User try to click on Logout->Hovover on Account and List
Since the testcase is  got failed it has to be Retried 2 times
 Retrying test 'withcredential' (Attempt 2)
browser closed successfully
Edge Browser launched Succesfully
User try to click on Logout->Hovover on Account and List
Since the testcase is  got failed it has to be Retried 2 times
 Retrying test 'withcredential' (Attempt 3)
browser closed successfully
Edge Browser launched Succesfully
User try to click on Logout->Hovover on Account and List
Since the testcase is  got failed it has to be Retried 2 times
 Test 'withcredential' failed after 3 attempts.
Test  Case  is Failed- Listeners Logic  is started
Screenshot saved: C:\Users\UJJIS\workspace\webAutomation\automation\screenshot\Failed\TestCase2_loginToAmazonandLogout_withcredential_Fail_21_Oct_2025_14_53_09.png
browser closed successfully
Edge Browser launched Succesfully
From Home Page->Hovover on Account and List->click on Sign Button 
Login was Successfull with valid username  and Valid password
Searched  the product  searched successfully
Test  Case  is Pass- Listeners Logic  is started
✅ Test Passed: withcredential
Screenshot is comppleted
browser closed successfully]]>
  </system-out>
</testsuite> <!-- com.idem.web.automation.TestCase1_loginToAmazon -->
